<?xml version="1.0" encoding="UTF-8"?>
<testng-results ignored="0" total="1" passed="1" failed="0" skipped="0">
  <reporter-output>
  </reporter-output>
  <suite started-at="2024-11-28T15:08:13 IST" name="Suite" finished-at="2024-11-28T15:08:19 IST" duration-ms="5561">
    <groups>
    </groups>
    <test started-at="2024-11-28T15:08:13 IST" name="Test" finished-at="2024-11-28T15:08:19 IST" duration-ms="5561">
      <class name="Sample.Google">
        <test-method signature="launchGoogle()[pri:0, instance:Sample.Google@78047b92]" started-at="2024-11-28T15:08:13 IST" name="launchGoogle" finished-at="2024-11-28T15:08:19 IST" duration-ms="5485" status="PASS">
          <reporter-output>
          </reporter-output>
        </test-method> <!-- launchGoogle -->
      </class> <!-- Sample.Google -->
    </test> <!-- Test -->
  </suite> <!-- Suite -->
</testng-results>
